<?xml version="1.0" encoding="UTF-8"?>
<testng-results ignored="0" total="1" passed="1" failed="0" skipped="0">
  <reporter-output>
  </reporter-output>
  <suite started-at="2021-05-06T12:18:55 IST" name="Guru99" finished-at="2021-05-06T12:19:45 IST" duration-ms="50064">
    <groups>
    </groups>
    <test started-at="2021-05-06T12:18:55 IST" name="BankingApp Test" finished-at="2021-05-06T12:19:45 IST" duration-ms="50064">
      <class name="com.inetbanking.testcases.TC_LoginTest_001">
        <test-method is-config="true" signature="setup(java.lang.String)[pri:0, instance:com.inetbanking.testcases.TC_LoginTest_001@5e4c8041]" started-at="2021-05-06T12:18:56 IST" name="setup" finished-at="2021-05-06T12:19:38 IST" duration-ms="41780" status="PASS">
          <params>
            <param index="0">
              <value>
                <![CDATA[chrome]]>
              </value>
            </param>
          </params>
          <reporter-output>
          </reporter-output>
        </test-method> <!-- setup -->
        <test-method signature="loginTest()[pri:0, instance:com.inetbanking.testcases.TC_LoginTest_001@5e4c8041]" started-at="2021-05-06T12:19:38 IST" name="loginTest" finished-at="2021-05-06T12:19:44 IST" duration-ms="5875" status="PASS">
          <reporter-output>
          </reporter-output>
        </test-method> <!-- loginTest -->
        <test-method is-config="true" signature="tearDown()[pri:0, instance:com.inetbanking.testcases.TC_LoginTest_001@5e4c8041]" started-at="2021-05-06T12:19:44 IST" name="tearDown" finished-at="2021-05-06T12:19:45 IST" duration-ms="1211" status="PASS">
          <reporter-output>
          </reporter-output>
        </test-method> <!-- tearDown -->
      </class> <!-- com.inetbanking.testcases.TC_LoginTest_001 -->
    </test> <!-- BankingApp Test -->
  </suite> <!-- Guru99 -->
</testng-results>
